<?xml version="1.0" encoding="UTF-8"?>
<!-- Generated by org.testng.reporters.JUnitXMLReporter -->
<testsuite ignored="2" hostname="Prem" failures="0" tests="7" name="Test" time="95.421" errors="0" timestamp="2026-03-30T12:04:58 IST">
  <testcase classname="com.comcast.crm.contacttest.CreateContactTest" name="createContactTest" time="6.32"/>
  <testcase classname="com.comcast.crm.contacttest.CreateContactTest" name="createContactWithOrgTest" time="18.385"/>
  <testcase classname="com.comcast.crm.contacttest.CreateContactTest" name="createContactWithSupportDateTest" time="9.832"/>
  <testcase classname="com.comcast.crm.orgtest.CreateOrganizationTest" name="DeleteOrgTest" time="6.927"/>
  <testcase classname="com.comcast.crm.orgtest.CreateOrganizationTest" name="createOrganizationTest" time="3.76"/>
  <testcase classname="com.comcast.crm.orgtest.CreateOrganizationTest" name="createOrganizationWithPhoneNumberTest" time="4.884"/>
  <testcase classname="com.comcast.crm.orgtest.CreateOrganizationTest" name="createOrganizationWithindustriesTest" time="4.28"/>
  <testcase classname="com.comcast.crm.basetest.Baseclass" name="@AfterSuite configAS" time="0.0">
    <ignored/>
  </testcase> <!-- @AfterSuite configAS -->
  <testcase classname="com.comcast.crm.basetest.Baseclass" name="@BeforeSuite configBS" time="0.0">
    <ignored/>
  </testcase> <!-- @BeforeSuite configBS -->
</testsuite> <!-- Test -->
