<?xml version="1.0" encoding="UTF-8"?>
<!-- Generated by org.testng.reporters.JUnitReportReporter -->
<testsuite hostname="Prem" failures="0" tests="3" name="com.comcast.crm.contacttest.CreateContactTest" time="22.009" errors="0" timestamp="2026-06-26T17:46:56 IST" skipped="0">
  <testcase classname="com.comcast.crm.contacttest.CreateContactTest" name="createContactWithSupportDateTest" time="5.392"/>
  <testcase classname="com.comcast.crm.contacttest.CreateContactTest" name="createContactTest" time="6.408"/>
  <testcase classname="com.comcast.crm.contacttest.CreateContactTest" name="createContactWithOrgTest" time="10.209"/>
</testsuite> <!-- com.comcast.crm.contacttest.CreateContactTest -->
