<?xml version="1.0" encoding="UTF-8"?>
<!-- Generated by org.testng.reporters.JUnitReportReporter -->
<testsuite hostname="Prem" failures="0" tests="4" name="com.comcast.crm.orgtest.CreateOrganizationTest" time="32.612" errors="0" timestamp="2026-03-30T12:04:58 IST" skipped="0">
  <testcase classname="com.comcast.crm.orgtest.CreateOrganizationTest" name="createOrganizationTest" time="6.316"/>
  <testcase classname="com.comcast.crm.orgtest.CreateOrganizationTest" name="createOrganizationWithindustriesTest" time="5.710"/>
  <testcase classname="com.comcast.crm.orgtest.CreateOrganizationTest" name="DeleteOrgTest" time="9.350"/>
  <testcase classname="com.comcast.crm.orgtest.CreateOrganizationTest" name="createOrganizationWithPhoneNumberTest" time="11.236"/>
</testsuite> <!-- com.comcast.crm.orgtest.CreateOrganizationTest -->
