<?xml version="1.0" encoding="UTF-8"?>
<testng-results ignored="0" total="7" passed="7" failed="0" skipped="0">
  <reporter-output>
  </reporter-output>
  <suite started-at="2026-06-26T17:46:05 IST" name="Suite" finished-at="2026-06-26T17:46:55 IST" duration-ms="49849">
    <groups>
      <group name="regressionTest">
        <method signature="CreateContactTest.createContactTest()[pri:0, instance:com.comcast.crm.contacttest.CreateContactTest@4082ba93]" name="createContactTest" class="com.comcast.crm.contacttest.CreateContactTest"/>
        <method signature="CreateContactTest.createContactWithOrgTest()[pri:0, instance:com.comcast.crm.contacttest.CreateContactTest@4082ba93]" name="createContactWithOrgTest" class="com.comcast.crm.contacttest.CreateContactTest"/>
        <method signature="CreateContactTest.createContactWithSupportDateTest()[pri:0, instance:com.comcast.crm.contacttest.CreateContactTest@4082ba93]" name="createContactWithSupportDateTest" class="com.comcast.crm.contacttest.CreateContactTest"/>
        <method signature="CreateOrganizationTest.DeleteOrgTest()[pri:0, instance:com.comcast.crm.orgtest.CreateOrganizationTest@6d60fe40]" name="DeleteOrgTest" class="com.comcast.crm.orgtest.CreateOrganizationTest"/>
        <method signature="CreateOrganizationTest.createOrganizationWithPhoneNumberTest()[pri:0, instance:com.comcast.crm.orgtest.CreateOrganizationTest@6d60fe40]" name="createOrganizationWithPhoneNumberTest" class="com.comcast.crm.orgtest.CreateOrganizationTest"/>
        <method signature="CreateOrganizationTest.createOrganizationWithindustriesTest()[pri:0, instance:com.comcast.crm.orgtest.CreateOrganizationTest@6d60fe40]" name="createOrganizationWithindustriesTest" class="com.comcast.crm.orgtest.CreateOrganizationTest"/>
      </group> <!-- regressionTest -->
      <group name="smokeTest">
        <method signature="CreateContactTest.createContactTest()[pri:0, instance:com.comcast.crm.contacttest.CreateContactTest@4082ba93]" name="createContactTest" class="com.comcast.crm.contacttest.CreateContactTest"/>
        <method signature="CreateOrganizationTest.createOrganizationTest()[pri:0, instance:com.comcast.crm.orgtest.CreateOrganizationTest@6d60fe40]" name="createOrganizationTest" class="com.comcast.crm.orgtest.CreateOrganizationTest"/>
      </group> <!-- smokeTest -->
    </groups>
    <test started-at="2026-06-26T17:46:05 IST" name="Test" finished-at="2026-06-26T17:46:55 IST" duration-ms="49849">
      <class name="com.comcast.crm.orgtest.CreateOrganizationTest">
        <test-method is-config="true" signature="configBC()[pri:0, instance:com.comcast.crm.orgtest.CreateOrganizationTest@6d60fe40]" started-at="2026-06-26T17:46:30 IST" name="configBC" finished-at="2026-06-26T17:46:31 IST" duration-ms="968" status="PASS">
          <reporter-output>
          </reporter-output>
        </test-method> <!-- configBC -->
        <test-method is-config="true" signature="configBM()[pri:0, instance:com.comcast.crm.orgtest.CreateOrganizationTest@6d60fe40]" started-at="2026-06-26T17:46:31 IST" name="configBM" finished-at="2026-06-26T17:46:33 IST" duration-ms="1898" status="PASS">
          <reporter-output>
          </reporter-output>
        </test-method> <!-- configBM -->
        <test-method signature="DeleteOrgTest()[pri:0, instance:com.comcast.crm.orgtest.CreateOrganizationTest@6d60fe40]" started-at="2026-06-26T17:46:33 IST" name="DeleteOrgTest" finished-at="2026-06-26T17:46:38 IST" duration-ms="4958" status="PASS">
          <reporter-output>
          </reporter-output>
        </test-method> <!-- DeleteOrgTest -->
        <test-method is-config="true" signature="configAM()[pri:0, instance:com.comcast.crm.orgtest.CreateOrganizationTest@6d60fe40]" started-at="2026-06-26T17:46:38 IST" name="configAM" finished-at="2026-06-26T17:46:39 IST" duration-ms="1391" status="PASS">
          <reporter-output>
          </reporter-output>
        </test-method> <!-- configAM -->
        <test-method is-config="true" signature="configBM()[pri:0, instance:com.comcast.crm.orgtest.CreateOrganizationTest@6d60fe40]" started-at="2026-06-26T17:46:39 IST" name="configBM" finished-at="2026-06-26T17:46:40 IST" duration-ms="1367" status="PASS">
          <reporter-output>
          </reporter-output>
        </test-method> <!-- configBM -->
        <test-method signature="createOrganizationTest()[pri:0, instance:com.comcast.crm.orgtest.CreateOrganizationTest@6d60fe40]" started-at="2026-06-26T17:46:40 IST" name="createOrganizationTest" finished-at="2026-06-26T17:46:43 IST" duration-ms="2989" status="PASS">
          <reporter-output>
          </reporter-output>
        </test-method> <!-- createOrganizationTest -->
        <test-method is-config="true" signature="configAM()[pri:0, instance:com.comcast.crm.orgtest.CreateOrganizationTest@6d60fe40]" started-at="2026-06-26T17:46:43 IST" name="configAM" finished-at="2026-06-26T17:46:44 IST" duration-ms="651" status="PASS">
          <reporter-output>
          </reporter-output>
        </test-method> <!-- configAM -->
        <test-method is-config="true" signature="configBM()[pri:0, instance:com.comcast.crm.orgtest.CreateOrganizationTest@6d60fe40]" started-at="2026-06-26T17:46:44 IST" name="configBM" finished-at="2026-06-26T17:46:45 IST" duration-ms="1342" status="PASS">
          <reporter-output>
          </reporter-output>
        </test-method> <!-- configBM -->
        <test-method signature="createOrganizationWithPhoneNumberTest()[pri:0, instance:com.comcast.crm.orgtest.CreateOrganizationTest@6d60fe40]" started-at="2026-06-26T17:46:45 IST" name="createOrganizationWithPhoneNumberTest" finished-at="2026-06-26T17:46:48 IST" duration-ms="3168" status="PASS">
          <reporter-output>
          </reporter-output>
        </test-method> <!-- createOrganizationWithPhoneNumberTest -->
        <test-method is-config="true" signature="configAM()[pri:0, instance:com.comcast.crm.orgtest.CreateOrganizationTest@6d60fe40]" started-at="2026-06-26T17:46:48 IST" name="configAM" finished-at="2026-06-26T17:46:49 IST" duration-ms="678" status="PASS">
          <reporter-output>
          </reporter-output>
        </test-method> <!-- configAM -->
        <test-method is-config="true" signature="configBM()[pri:0, instance:com.comcast.crm.orgtest.CreateOrganizationTest@6d60fe40]" started-at="2026-06-26T17:46:49 IST" name="configBM" finished-at="2026-06-26T17:46:50 IST" duration-ms="1365" status="PASS">
          <reporter-output>
          </reporter-output>
        </test-method> <!-- configBM -->
        <test-method signature="createOrganizationWithindustriesTest()[pri:0, instance:com.comcast.crm.orgtest.CreateOrganizationTest@6d60fe40]" started-at="2026-06-26T17:46:50 IST" name="createOrganizationWithindustriesTest" finished-at="2026-06-26T17:46:54 IST" duration-ms="3654" status="PASS">
          <reporter-output>
          </reporter-output>
        </test-method> <!-- createOrganizationWithindustriesTest -->
        <test-method is-config="true" signature="configAM()[pri:0, instance:com.comcast.crm.orgtest.CreateOrganizationTest@6d60fe40]" started-at="2026-06-26T17:46:54 IST" name="configAM" finished-at="2026-06-26T17:46:55 IST" duration-ms="699" status="PASS">
          <reporter-output>
          </reporter-output>
        </test-method> <!-- configAM -->
        <test-method is-config="true" signature="configAC()[pri:0, instance:com.comcast.crm.orgtest.CreateOrganizationTest@6d60fe40]" started-at="2026-06-26T17:46:55 IST" name="configAC" finished-at="2026-06-26T17:46:55 IST" duration-ms="273" status="PASS">
          <reporter-output>
          </reporter-output>
        </test-method> <!-- configAC -->
      </class> <!-- com.comcast.crm.orgtest.CreateOrganizationTest -->
      <class name="com.comcast.crm.contacttest.CreateContactTest">
        <test-method is-config="true" signature="configBS()[pri:0, instance:com.comcast.crm.contacttest.CreateContactTest@4082ba93]" started-at="2026-06-26T17:45:23 IST" name="configBS" finished-at="2026-06-26T17:46:05 IST" duration-ms="42304" status="PASS">
          <reporter-output>
          </reporter-output>
        </test-method> <!-- configBS -->
        <test-method is-config="true" signature="configBC()[pri:0, instance:com.comcast.crm.contacttest.CreateContactTest@4082ba93]" started-at="2026-06-26T17:46:05 IST" name="configBC" finished-at="2026-06-26T17:46:07 IST" duration-ms="2033" status="PASS">
          <reporter-output>
          </reporter-output>
        </test-method> <!-- configBC -->
        <test-method is-config="true" signature="configBM()[pri:0, instance:com.comcast.crm.contacttest.CreateContactTest@4082ba93]" started-at="2026-06-26T17:46:07 IST" name="configBM" finished-at="2026-06-26T17:46:09 IST" duration-ms="2130" status="PASS">
          <reporter-output>
          </reporter-output>
        </test-method> <!-- configBM -->
        <test-method signature="createContactTest()[pri:0, instance:com.comcast.crm.contacttest.CreateContactTest@4082ba93]" started-at="2026-06-26T17:46:09 IST" name="createContactTest" finished-at="2026-06-26T17:46:14 IST" duration-ms="4308" status="PASS">
          <reporter-output>
          </reporter-output>
        </test-method> <!-- createContactTest -->
        <test-method is-config="true" signature="configAM()[pri:0, instance:com.comcast.crm.contacttest.CreateContactTest@4082ba93]" started-at="2026-06-26T17:46:14 IST" name="configAM" finished-at="2026-06-26T17:46:14 IST" duration-ms="692" status="PASS">
          <reporter-output>
          </reporter-output>
        </test-method> <!-- configAM -->
        <test-method is-config="true" signature="configBM()[pri:0, instance:com.comcast.crm.contacttest.CreateContactTest@4082ba93]" started-at="2026-06-26T17:46:14 IST" name="configBM" finished-at="2026-06-26T17:46:16 IST" duration-ms="1423" status="PASS">
          <reporter-output>
          </reporter-output>
        </test-method> <!-- configBM -->
        <test-method signature="createContactWithOrgTest()[pri:0, instance:com.comcast.crm.contacttest.CreateContactTest@4082ba93]" started-at="2026-06-26T17:46:16 IST" name="createContactWithOrgTest" finished-at="2026-06-26T17:46:23 IST" duration-ms="7402" status="PASS">
          <reporter-output>
          </reporter-output>
        </test-method> <!-- createContactWithOrgTest -->
        <test-method is-config="true" signature="configAM()[pri:0, instance:com.comcast.crm.contacttest.CreateContactTest@4082ba93]" started-at="2026-06-26T17:46:23 IST" name="configAM" finished-at="2026-06-26T17:46:24 IST" duration-ms="667" status="PASS">
          <reporter-output>
          </reporter-output>
        </test-method> <!-- configAM -->
        <test-method is-config="true" signature="configBM()[pri:0, instance:com.comcast.crm.contacttest.CreateContactTest@4082ba93]" started-at="2026-06-26T17:46:24 IST" name="configBM" finished-at="2026-06-26T17:46:25 IST" duration-ms="1408" status="PASS">
          <reporter-output>
          </reporter-output>
        </test-method> <!-- configBM -->
        <test-method signature="createContactWithSupportDateTest()[pri:0, instance:com.comcast.crm.contacttest.CreateContactTest@4082ba93]" started-at="2026-06-26T17:46:25 IST" name="createContactWithSupportDateTest" finished-at="2026-06-26T17:46:29 IST" duration-ms="3302" status="PASS">
          <reporter-output>
          </reporter-output>
        </test-method> <!-- createContactWithSupportDateTest -->
        <test-method is-config="true" signature="configAM()[pri:0, instance:com.comcast.crm.contacttest.CreateContactTest@4082ba93]" started-at="2026-06-26T17:46:29 IST" name="configAM" finished-at="2026-06-26T17:46:29 IST" duration-ms="677" status="PASS">
          <reporter-output>
          </reporter-output>
        </test-method> <!-- configAM -->
        <test-method is-config="true" signature="configAC()[pri:0, instance:com.comcast.crm.contacttest.CreateContactTest@4082ba93]" started-at="2026-06-26T17:46:29 IST" name="configAC" finished-at="2026-06-26T17:46:30 IST" duration-ms="310" status="PASS">
          <reporter-output>
          </reporter-output>
        </test-method> <!-- configAC -->
        <test-method is-config="true" signature="configAS()[pri:0, instance:com.comcast.crm.contacttest.CreateContactTest@4082ba93]" started-at="2026-06-26T17:46:55 IST" name="configAS" finished-at="2026-06-26T17:46:55 IST" duration-ms="1" status="PASS">
          <reporter-output>
          </reporter-output>
        </test-method> <!-- configAS -->
      </class> <!-- com.comcast.crm.contacttest.CreateContactTest -->
    </test> <!-- Test -->
  </suite> <!-- Suite -->
</testng-results>
