<?xml version="1.0" encoding="UTF-8"?>
<testng-results ignored="0" total="7" passed="7" failed="0" skipped="0">
  <reporter-output>
  </reporter-output>
  <suite started-at="2026-03-30T12:03:22 IST" name="Suite" finished-at="2026-03-30T12:04:58 IST" duration-ms="95421">
    <groups>
      <group name="regressionTest">
        <method signature="CreateContactTest.createContactTest()[pri:0, instance:com.comcast.crm.contacttest.CreateContactTest@4082ba93]" name="createContactTest" class="com.comcast.crm.contacttest.CreateContactTest"/>
        <method signature="CreateContactTest.createContactWithOrgTest()[pri:0, instance:com.comcast.crm.contacttest.CreateContactTest@4082ba93]" name="createContactWithOrgTest" class="com.comcast.crm.contacttest.CreateContactTest"/>
        <method signature="CreateContactTest.createContactWithSupportDateTest()[pri:0, instance:com.comcast.crm.contacttest.CreateContactTest@4082ba93]" name="createContactWithSupportDateTest" class="com.comcast.crm.contacttest.CreateContactTest"/>
        <method signature="CreateOrganizationTest.DeleteOrgTest()[pri:0, instance:com.comcast.crm.orgtest.CreateOrganizationTest@6d60fe40]" name="DeleteOrgTest" class="com.comcast.crm.orgtest.CreateOrganizationTest"/>
        <method signature="CreateOrganizationTest.createOrganizationWithPhoneNumberTest()[pri:0, instance:com.comcast.crm.orgtest.CreateOrganizationTest@6d60fe40]" name="createOrganizationWithPhoneNumberTest" class="com.comcast.crm.orgtest.CreateOrganizationTest"/>
        <method signature="CreateOrganizationTest.createOrganizationWithindustriesTest()[pri:0, instance:com.comcast.crm.orgtest.CreateOrganizationTest@6d60fe40]" name="createOrganizationWithindustriesTest" class="com.comcast.crm.orgtest.CreateOrganizationTest"/>
      </group> <!-- regressionTest -->
      <group name="smokeTest">
        <method signature="CreateContactTest.createContactTest()[pri:0, instance:com.comcast.crm.contacttest.CreateContactTest@4082ba93]" name="createContactTest" class="com.comcast.crm.contacttest.CreateContactTest"/>
        <method signature="CreateOrganizationTest.createOrganizationTest()[pri:0, instance:com.comcast.crm.orgtest.CreateOrganizationTest@6d60fe40]" name="createOrganizationTest" class="com.comcast.crm.orgtest.CreateOrganizationTest"/>
      </group> <!-- smokeTest -->
    </groups>
    <test started-at="2026-03-30T12:03:22 IST" name="Test" finished-at="2026-03-30T12:04:58 IST" duration-ms="95421">
      <class name="com.comcast.crm.orgtest.CreateOrganizationTest">
        <test-method is-config="true" signature="configBC()[pri:0, instance:com.comcast.crm.orgtest.CreateOrganizationTest@6d60fe40]" started-at="2026-03-30T12:04:23 IST" name="configBC" finished-at="2026-03-30T12:04:25 IST" duration-ms="1103" status="PASS">
          <reporter-output>
          </reporter-output>
        </test-method> <!-- configBC -->
        <test-method is-config="true" signature="configBM()[pri:0, instance:com.comcast.crm.orgtest.CreateOrganizationTest@6d60fe40]" started-at="2026-03-30T12:04:25 IST" name="configBM" finished-at="2026-03-30T12:04:29 IST" duration-ms="4710" status="PASS">
          <reporter-output>
          </reporter-output>
        </test-method> <!-- configBM -->
        <test-method signature="DeleteOrgTest()[pri:0, instance:com.comcast.crm.orgtest.CreateOrganizationTest@6d60fe40]" started-at="2026-03-30T12:04:29 IST" name="DeleteOrgTest" finished-at="2026-03-30T12:04:36 IST" duration-ms="6927" status="PASS">
          <reporter-output>
          </reporter-output>
        </test-method> <!-- DeleteOrgTest -->
        <test-method is-config="true" signature="configAM()[pri:0, instance:com.comcast.crm.orgtest.CreateOrganizationTest@6d60fe40]" started-at="2026-03-30T12:04:36 IST" name="configAM" finished-at="2026-03-30T12:04:38 IST" duration-ms="1642" status="PASS">
          <reporter-output>
          </reporter-output>
        </test-method> <!-- configAM -->
        <test-method is-config="true" signature="configBM()[pri:0, instance:com.comcast.crm.orgtest.CreateOrganizationTest@6d60fe40]" started-at="2026-03-30T12:04:38 IST" name="configBM" finished-at="2026-03-30T12:04:39 IST" duration-ms="1628" status="PASS">
          <reporter-output>
          </reporter-output>
        </test-method> <!-- configBM -->
        <test-method signature="createOrganizationTest()[pri:0, instance:com.comcast.crm.orgtest.CreateOrganizationTest@6d60fe40]" started-at="2026-03-30T12:04:39 IST" name="createOrganizationTest" finished-at="2026-03-30T12:04:43 IST" duration-ms="3760" status="PASS">
          <reporter-output>
          </reporter-output>
        </test-method> <!-- createOrganizationTest -->
        <test-method is-config="true" signature="configAM()[pri:0, instance:com.comcast.crm.orgtest.CreateOrganizationTest@6d60fe40]" started-at="2026-03-30T12:04:43 IST" name="configAM" finished-at="2026-03-30T12:04:44 IST" duration-ms="732" status="PASS">
          <reporter-output>
          </reporter-output>
        </test-method> <!-- configAM -->
        <test-method is-config="true" signature="configBM()[pri:0, instance:com.comcast.crm.orgtest.CreateOrganizationTest@6d60fe40]" started-at="2026-03-30T12:04:44 IST" name="configBM" finished-at="2026-03-30T12:04:45 IST" duration-ms="698" status="PASS">
          <reporter-output>
          </reporter-output>
        </test-method> <!-- configBM -->
        <test-method signature="createOrganizationWithPhoneNumberTest()[pri:0, instance:com.comcast.crm.orgtest.CreateOrganizationTest@6d60fe40]" started-at="2026-03-30T12:04:45 IST" name="createOrganizationWithPhoneNumberTest" finished-at="2026-03-30T12:04:50 IST" duration-ms="4884" status="PASS">
          <reporter-output>
          </reporter-output>
        </test-method> <!-- createOrganizationWithPhoneNumberTest -->
        <test-method is-config="true" signature="configAM()[pri:0, instance:com.comcast.crm.orgtest.CreateOrganizationTest@6d60fe40]" started-at="2026-03-30T12:04:50 IST" name="configAM" finished-at="2026-03-30T12:04:50 IST" duration-ms="928" status="PASS">
          <reporter-output>
          </reporter-output>
        </test-method> <!-- configAM -->
        <test-method is-config="true" signature="configBM()[pri:0, instance:com.comcast.crm.orgtest.CreateOrganizationTest@6d60fe40]" started-at="2026-03-30T12:04:50 IST" name="configBM" finished-at="2026-03-30T12:04:52 IST" duration-ms="1718" status="PASS">
          <reporter-output>
          </reporter-output>
        </test-method> <!-- configBM -->
        <test-method signature="createOrganizationWithindustriesTest()[pri:0, instance:com.comcast.crm.orgtest.CreateOrganizationTest@6d60fe40]" started-at="2026-03-30T12:04:52 IST" name="createOrganizationWithindustriesTest" finished-at="2026-03-30T12:04:56 IST" duration-ms="4280" status="PASS">
          <reporter-output>
          </reporter-output>
        </test-method> <!-- createOrganizationWithindustriesTest -->
        <test-method is-config="true" signature="configAM()[pri:0, instance:com.comcast.crm.orgtest.CreateOrganizationTest@6d60fe40]" started-at="2026-03-30T12:04:56 IST" name="configAM" finished-at="2026-03-30T12:04:57 IST" duration-ms="705" status="PASS">
          <reporter-output>
          </reporter-output>
        </test-method> <!-- configAM -->
        <test-method is-config="true" signature="configAC()[pri:0, instance:com.comcast.crm.orgtest.CreateOrganizationTest@6d60fe40]" started-at="2026-03-30T12:04:57 IST" name="configAC" finished-at="2026-03-30T12:04:58 IST" duration-ms="353" status="PASS">
          <reporter-output>
          </reporter-output>
        </test-method> <!-- configAC -->
      </class> <!-- com.comcast.crm.orgtest.CreateOrganizationTest -->
      <class name="com.comcast.crm.contacttest.CreateContactTest">
        <test-method is-config="true" signature="configBS()[pri:0, instance:com.comcast.crm.contacttest.CreateContactTest@4082ba93]" started-at="2026-03-30T12:03:22 IST" name="configBS" finished-at="2026-03-30T12:03:22 IST" duration-ms="507" status="PASS">
          <reporter-output>
          </reporter-output>
        </test-method> <!-- configBS -->
        <test-method is-config="true" signature="configBC()[pri:0, instance:com.comcast.crm.contacttest.CreateContactTest@4082ba93]" started-at="2026-03-30T12:03:22 IST" name="configBC" finished-at="2026-03-30T12:03:29 IST" duration-ms="6884" status="PASS">
          <reporter-output>
          </reporter-output>
        </test-method> <!-- configBC -->
        <test-method is-config="true" signature="configBM()[pri:0, instance:com.comcast.crm.contacttest.CreateContactTest@4082ba93]" started-at="2026-03-30T12:03:29 IST" name="configBM" finished-at="2026-03-30T12:03:34 IST" duration-ms="4495" status="PASS">
          <reporter-output>
          </reporter-output>
        </test-method> <!-- configBM -->
        <test-method signature="createContactTest()[pri:0, instance:com.comcast.crm.contacttest.CreateContactTest@4082ba93]" started-at="2026-03-30T12:03:34 IST" name="createContactTest" finished-at="2026-03-30T12:03:40 IST" duration-ms="6320" status="PASS">
          <reporter-output>
          </reporter-output>
        </test-method> <!-- createContactTest -->
        <test-method is-config="true" signature="configAM()[pri:0, instance:com.comcast.crm.contacttest.CreateContactTest@4082ba93]" started-at="2026-03-30T12:03:40 IST" name="configAM" finished-at="2026-03-30T12:03:44 IST" duration-ms="3644" status="PASS">
          <reporter-output>
          </reporter-output>
        </test-method> <!-- configAM -->
        <test-method is-config="true" signature="configBM()[pri:0, instance:com.comcast.crm.contacttest.CreateContactTest@4082ba93]" started-at="2026-03-30T12:03:44 IST" name="configBM" finished-at="2026-03-30T12:03:46 IST" duration-ms="2381" status="PASS">
          <reporter-output>
          </reporter-output>
        </test-method> <!-- configBM -->
        <test-method signature="createContactWithOrgTest()[pri:0, instance:com.comcast.crm.contacttest.CreateContactTest@4082ba93]" started-at="2026-03-30T12:03:46 IST" name="createContactWithOrgTest" finished-at="2026-03-30T12:04:04 IST" duration-ms="18385" status="PASS">
          <reporter-output>
          </reporter-output>
        </test-method> <!-- createContactWithOrgTest -->
        <test-method is-config="true" signature="configAM()[pri:0, instance:com.comcast.crm.contacttest.CreateContactTest@4082ba93]" started-at="2026-03-30T12:04:04 IST" name="configAM" finished-at="2026-03-30T12:04:06 IST" duration-ms="2063" status="PASS">
          <reporter-output>
          </reporter-output>
        </test-method> <!-- configAM -->
        <test-method is-config="true" signature="configBM()[pri:0, instance:com.comcast.crm.contacttest.CreateContactTest@4082ba93]" started-at="2026-03-30T12:04:06 IST" name="configBM" finished-at="2026-03-30T12:04:12 IST" duration-ms="5328" status="PASS">
          <reporter-output>
          </reporter-output>
        </test-method> <!-- configBM -->
        <test-method signature="createContactWithSupportDateTest()[pri:0, instance:com.comcast.crm.contacttest.CreateContactTest@4082ba93]" started-at="2026-03-30T12:04:12 IST" name="createContactWithSupportDateTest" finished-at="2026-03-30T12:04:22 IST" duration-ms="9832" status="PASS">
          <reporter-output>
          </reporter-output>
        </test-method> <!-- createContactWithSupportDateTest -->
        <test-method is-config="true" signature="configAM()[pri:0, instance:com.comcast.crm.contacttest.CreateContactTest@4082ba93]" started-at="2026-03-30T12:04:22 IST" name="configAM" finished-at="2026-03-30T12:04:23 IST" duration-ms="1465" status="PASS">
          <reporter-output>
          </reporter-output>
        </test-method> <!-- configAM -->
        <test-method is-config="true" signature="configAC()[pri:0, instance:com.comcast.crm.contacttest.CreateContactTest@4082ba93]" started-at="2026-03-30T12:04:23 IST" name="configAC" finished-at="2026-03-30T12:04:23 IST" duration-ms="447" status="PASS">
          <reporter-output>
          </reporter-output>
        </test-method> <!-- configAC -->
        <test-method is-config="true" signature="configAS()[pri:0, instance:com.comcast.crm.contacttest.CreateContactTest@4082ba93]" started-at="2026-03-30T12:04:58 IST" name="configAS" finished-at="2026-03-30T12:04:58 IST" duration-ms="14" status="PASS">
          <reporter-output>
          </reporter-output>
        </test-method> <!-- configAS -->
      </class> <!-- com.comcast.crm.contacttest.CreateContactTest -->
    </test> <!-- Test -->
  </suite> <!-- Suite -->
</testng-results>
