<?xml version="1.0" encoding="UTF-8"?>
<!-- Generated by org.testng.reporters.JUnitReportReporter -->
<testsuite hostname="Prem" failures="0" tests="3" name="com.comcast.crm.contacttest.CreateContactTest" time="53.913" errors="0" timestamp="2026-03-30T12:04:58 IST" skipped="0">
  <testcase classname="com.comcast.crm.contacttest.CreateContactTest" name="createContactTest" time="10.764"/>
  <testcase classname="com.comcast.crm.contacttest.CreateContactTest" name="createContactWithSupportDateTest" time="15.792"/>
  <testcase classname="com.comcast.crm.contacttest.CreateContactTest" name="createContactWithOrgTest" time="27.357"/>
</testsuite> <!-- com.comcast.crm.contacttest.CreateContactTest -->
